<?xml version="1.0" encoding="UTF-8"?>
<testng-results ignored="0" total="1" passed="1" failed="0" skipped="0">
  <reporter-output>
  </reporter-output>
  <suite started-at="2022-11-10T13:06:49 IST" name="Default suite" finished-at="2022-11-10T13:07:13 IST" duration-ms="23991">
    <groups>
    </groups>
    <test started-at="2022-11-10T13:06:49 IST" name="Default test" finished-at="2022-11-10T13:07:13 IST" duration-ms="23991">
      <class name="com.test.cases.TestScript1">
        <test-method is-config="true" signature="Browsersetup()[pri:0, instance:com.test.cases.TestScript1@117159c0]" started-at="2022-11-10T13:06:49 IST" name="Browsersetup" finished-at="2022-11-10T13:06:56 IST" duration-ms="6634" status="PASS">
          <reporter-output>
          </reporter-output>
        </test-method> <!-- Browsersetup -->
        <test-method signature="loginFun()[pri:0, instance:com.test.cases.TestScript1@117159c0]" started-at="2022-11-10T13:06:56 IST" name="loginFun" finished-at="2022-11-10T13:07:13 IST" duration-ms="16524" status="PASS">
          <reporter-output>
          </reporter-output>
        </test-method> <!-- loginFun -->
        <test-method is-config="true" signature="tearup()[pri:0, instance:com.test.cases.TestScript1@117159c0]" started-at="2022-11-10T13:07:13 IST" name="tearup" finished-at="2022-11-10T13:07:13 IST" duration-ms="735" status="PASS">
          <reporter-output>
          </reporter-output>
        </test-method> <!-- tearup -->
      </class> <!-- com.test.cases.TestScript1 -->
    </test> <!-- Default test -->
  </suite> <!-- Default suite -->
</testng-results>
