<?xml version="1.0" encoding="UTF-8"?>
<testng-results ignored="0" total="3" passed="3" failed="0" skipped="0">
  <reporter-output>
  </reporter-output>
  <suite started-at="2022-11-11T15:52:29 IST" name="Suite" finished-at="2022-11-11T15:53:27 IST" duration-ms="57883">
    <groups>
    </groups>
    <test started-at="2022-11-11T15:52:29 IST" name="Test" finished-at="2022-11-11T15:53:00 IST" duration-ms="30545">
      <class name="com.test.cases.TestScript2">
        <test-method is-config="true" signature="Browsersetup()[pri:0, instance:com.test.cases.TestScript2@4be29ed9]" started-at="2022-11-11T15:52:30 IST" name="Browsersetup" finished-at="2022-11-11T15:52:41 IST" duration-ms="10899" status="PASS">
          <reporter-output>
          </reporter-output>
        </test-method> <!-- Browsersetup -->
        <test-method signature="loginFun(java.lang.String,java.lang.String)[pri:0, instance:com.test.cases.TestScript2@4be29ed9]" started-at="2022-11-11T15:52:41 IST" name="loginFun" finished-at="2022-11-11T15:52:59 IST" duration-ms="18304" status="PASS">
          <params>
            <param index="0">
              <value>
                <![CDATA[Admin]]>
              </value>
            </param>
            <param index="1">
              <value>
                <![CDATA[admin123]]>
              </value>
            </param>
          </params>
          <reporter-output>
          </reporter-output>
        </test-method> <!-- loginFun -->
        <test-method is-config="true" signature="tearup()[pri:0, instance:com.test.cases.TestScript2@4be29ed9]" started-at="2022-11-11T15:52:59 IST" name="tearup" finished-at="2022-11-11T15:53:00 IST" duration-ms="411" status="PASS">
          <reporter-output>
          </reporter-output>
        </test-method> <!-- tearup -->
      </class> <!-- com.test.cases.TestScript2 -->
    </test> <!-- Test -->
    <test started-at="2022-11-11T15:53:00 IST" name="Test1" finished-at="2022-11-11T15:53:13 IST" duration-ms="12944">
      <class name="com.test.cases.TestScript2">
        <test-method is-config="true" signature="Browsersetup()[pri:0, instance:com.test.cases.TestScript2@4d1c005e]" started-at="2022-11-11T15:53:00 IST" name="Browsersetup" finished-at="2022-11-11T15:53:03 IST" duration-ms="2910" status="PASS">
          <reporter-output>
          </reporter-output>
        </test-method> <!-- Browsersetup -->
        <test-method signature="loginFun(java.lang.String,java.lang.String)[pri:0, instance:com.test.cases.TestScript2@4d1c005e]" started-at="2022-11-11T15:53:03 IST" name="loginFun" finished-at="2022-11-11T15:53:13 IST" duration-ms="9564" status="PASS">
          <params>
            <param index="0">
              <value>
                <![CDATA[Mouse]]>
              </value>
            </param>
            <param index="1">
              <value>
                <![CDATA[mouse123]]>
              </value>
            </param>
          </params>
          <reporter-output>
          </reporter-output>
        </test-method> <!-- loginFun -->
        <test-method is-config="true" signature="tearup()[pri:0, instance:com.test.cases.TestScript2@4d1c005e]" started-at="2022-11-11T15:53:13 IST" name="tearup" finished-at="2022-11-11T15:53:13 IST" duration-ms="455" status="PASS">
          <reporter-output>
          </reporter-output>
        </test-method> <!-- tearup -->
      </class> <!-- com.test.cases.TestScript2 -->
    </test> <!-- Test1 -->
    <test started-at="2022-11-11T15:53:14 IST" name="Test2" finished-at="2022-11-11T15:53:27 IST" duration-ms="13459">
      <class name="com.test.cases.TestScript2">
        <test-method is-config="true" signature="Browsersetup()[pri:0, instance:com.test.cases.TestScript2@496bc455]" started-at="2022-11-11T15:53:14 IST" name="Browsersetup" finished-at="2022-11-11T15:53:16 IST" duration-ms="2724" status="PASS">
          <reporter-output>
          </reporter-output>
        </test-method> <!-- Browsersetup -->
        <test-method signature="loginFun(java.lang.String,java.lang.String)[pri:0, instance:com.test.cases.TestScript2@496bc455]" started-at="2022-11-11T15:53:16 IST" name="loginFun" finished-at="2022-11-11T15:53:27 IST" duration-ms="10382" status="PASS">
          <params>
            <param index="0">
              <value>
                <![CDATA[Charger]]>
              </value>
            </param>
            <param index="1">
              <value>
                <![CDATA[charger123]]>
              </value>
            </param>
          </params>
          <reporter-output>
          </reporter-output>
        </test-method> <!-- loginFun -->
        <test-method is-config="true" signature="tearup()[pri:0, instance:com.test.cases.TestScript2@496bc455]" started-at="2022-11-11T15:53:27 IST" name="tearup" finished-at="2022-11-11T15:53:27 IST" duration-ms="339" status="PASS">
          <reporter-output>
          </reporter-output>
        </test-method> <!-- tearup -->
      </class> <!-- com.test.cases.TestScript2 -->
    </test> <!-- Test2 -->
  </suite> <!-- Suite -->
</testng-results>
